# JRE version: Java(TM) SE Runtime Environment (8.0_92-b14) (build 1.8.0_92-b14)
# Java VM: Java HotSpot(TM) Client VM (25.92-b14 mixed mode windows-x86 )
Heap:
 def new generation   total 39424K, used 6377K [0x05200000, 0x07cc0000, 0x0fca0000)
  eden space 35072K,  15% used [0x05200000, 0x05764138, 0x07440000)
  from space 4352K,  19% used [0x07880000, 0x079562e8, 0x07cc0000)
  to   space 4352K,   0% used [0x07440000, 0x07440000, 0x07880000)
 tenured generation   total 87424K, used 30747K [0x0fca0000, 0x15200000, 0x25200000)
   the space 87424K,  35% used [0x0fca0000, 0x11aa6c18, 0x11aa6e00, 0x15200000)
 Metaspace       used 18133K, capacity 18588K, committed 18688K, reserved 18816K
GC Heap History (10 events):
Event: 2.920 GC heap before
{Heap before GC invocations=1 (full 0):
 def new generation   total 39296K, used 39296K [0x05200000, 0x07ca0000, 0x0fca0000)
  eden space 34944K, 100% used [0x05200000, 0x07420000, 0x07420000)
  from space 4352K, 100% used [0x07860000, 0x07ca0000, 0x07ca0000)
  to   space 4352K,   0% used [0x07420000, 0x07420000, 0x07860000)
 tenured generation   total 87424K, used 2797K [0x0fca0000, 0x15200000, 0x25200000)
   the space 87424K,   3% used [0x0fca0000, 0x0ff5b7d0, 0x0ff5b800, 0x15200000)
 Metaspace       used 11444K, capacity 11791K, committed 11904K, reserved 12672K
Event: 2.947 GC heap after
Heap after GC invocations=2 (full 0):
 def new generation   total 39296K, used 4352K [0x05200000, 0x07ca0000, 0x0fca0000)
  eden space 34944K,   0% used [0x05200000, 0x05200000, 0x07420000)
  from space 4352K, 100% used [0x07420000, 0x07860000, 0x07860000)
  to   space 4352K,   0% used [0x07860000, 0x07860000, 0x07ca0000)
 tenured generation   total 87424K, used 10290K [0x0fca0000, 0x15200000, 0x25200000)
   the space 87424K,  11% used [0x0fca0000, 0x106ac970, 0x106aca00, 0x15200000)
 Metaspace       used 11444K, capacity 11791K, committed 11904K, reserved 12672K
}
Event: 3.149 GC heap before
{Heap before GC invocations=2 (full 0):
 def new generation   total 39296K, used 12332K [0x05200000, 0x07ca0000, 0x0fca0000)
  eden space 34944K,  22% used [0x05200000, 0x059cb3b0, 0x07420000)
  from space 4352K, 100% used [0x07420000, 0x07860000, 0x07860000)
  to   space 4352K,   0% used [0x07860000, 0x07860000, 0x07ca0000)
 tenured generation   total 87424K, used 10290K [0x0fca0000, 0x15200000, 0x25200000)
   the space 87424K,  11% used [0x0fca0000, 0x106ac970, 0x106aca00, 0x15200000)
 Metaspace       used 11910K, capacity 12247K, committed 12288K, reserved 12672K
Event: 3.180 GC heap after
Heap after GC invocations=3 (full 1):
 def new generation   total 39424K, used 0K [0x05200000, 0x07cc0000, 0x0fca0000)
  eden space 35072K,   0% used [0x05200000, 0x05200000, 0x07440000)
  from space 4352K,   0% used [0x07440000, 0x07440000, 0x07880000)
  to   space 4352K,   0% used [0x07880000, 0x07880000, 0x07cc0000)
 tenured generation   total 87424K, used 15162K [0x0fca0000, 0x15200000, 0x25200000)
   the space 87424K,  17% used [0x0fca0000, 0x10b6e908, 0x10b6ea00, 0x15200000)
 Metaspace       used 11910K, capacity 12247K, committed 12288K, reserved 12672K
}
Event: 4.491 GC heap before
{Heap before GC invocations=3 (full 1):
 def new generation   total 39424K, used 35072K [0x05200000, 0x07cc0000, 0x0fca0000)
  eden space 35072K, 100% used [0x05200000, 0x07440000, 0x07440000)
  from space 4352K,   0% used [0x07440000, 0x07440000, 0x07880000)
  to   space 4352K,   0% used [0x07880000, 0x07880000, 0x07cc0000)
 tenured generation   total 87424K, used 15162K [0x0fca0000, 0x15200000, 0x25200000)
   the space 87424K,  17% used [0x0fca0000, 0x10b6e908, 0x10b6ea00, 0x15200000)
 Metaspace       used 16410K, capacity 16778K, committed 16896K, reserved 17792K
Event: 4.503 GC heap after
Heap after GC invocations=4 (full 1):
 def new generation   total 39424K, used 4352K [0x05200000, 0x07cc0000, 0x0fca0000)
  eden space 35072K,   0% used [0x05200000, 0x05200000, 0x07440000)
  from space 4352K, 100% used [0x07880000, 0x07cc0000, 0x07cc0000)
  to   space 4352K,   0% used [0x07440000, 0x07440000, 0x07880000)
 tenured generation   total 87424K, used 17199K [0x0fca0000, 0x15200000, 0x25200000)
   the space 87424K,  19% used [0x0fca0000, 0x10d6bc08, 0x10d6be00, 0x15200000)
 Metaspace       used 16410K, capacity 16778K, committed 16896K, reserved 17792K
}
Event: 65.918 GC heap before
{Heap before GC invocations=4 (full 1):
 def new generation   total 39424K, used 39424K [0x05200000, 0x07cc0000, 0x0fca0000)
  eden space 35072K, 100% used [0x05200000, 0x07440000, 0x07440000)
  from space 4352K, 100% used [0x07880000, 0x07cc0000, 0x07cc0000)
  to   space 4352K,   0% used [0x07440000, 0x07440000, 0x07880000)
 tenured generation   total 87424K, used 17199K [0x0fca0000, 0x15200000, 0x25200000)
   the space 87424K,  19% used [0x0fca0000, 0x10d6bc08, 0x10d6be00, 0x15200000)
 Metaspace       used 18085K, capacity 18522K, committed 18560K, reserved 18816K
Event: 65.935 GC heap after
Heap after GC invocations=5 (full 1):
 def new generation   total 39424K, used 4108K [0x05200000, 0x07cc0000, 0x0fca0000)
  eden space 35072K,   0% used [0x05200000, 0x05200000, 0x07440000)
  from space 4352K,  94% used [0x07440000, 0x07843108, 0x07880000)
  to   space 4352K,   0% used [0x07880000, 0x07880000, 0x07cc0000)
 tenured generation   total 87424K, used 28086K [0x0fca0000, 0x15200000, 0x25200000)
   the space 87424K,  32% used [0x0fca0000, 0x1180d968, 0x1180da00, 0x15200000)
 Metaspace       used 18085K, capacity 18522K, committed 18560K, reserved 18816K
}
Event: 2197.952 GC heap before
{Heap before GC invocations=5 (full 1):
 def new generation   total 39424K, used 39180K [0x05200000, 0x07cc0000, 0x0fca0000)
  eden space 35072K, 100% used [0x05200000, 0x07440000, 0x07440000)
  from space 4352K,  94% used [0x07440000, 0x07843108, 0x07880000)
  to   space 4352K,   0% used [0x07880000, 0x07880000, 0x07cc0000)
 tenured generation   total 87424K, used 28086K [0x0fca0000, 0x15200000, 0x25200000)
   the space 87424K,  32% used [0x0fca0000, 0x1180d968, 0x1180da00, 0x15200000)
 Metaspace       used 18112K, capacity 18554K, committed 18688K, reserved 18816K
Event: 2197.995 GC heap after
Heap after GC invocations=6 (full 1):
 def new generation   total 39424K, used 856K [0x05200000, 0x07cc0000, 0x0fca0000)
  eden space 35072K,   0% used [0x05200000, 0x05200000, 0x07440000)
  from space 4352K,  19% used [0x07880000, 0x079562e8, 0x07cc0000)
  to   space 4352K,   0% used [0x07440000, 0x07440000, 0x07880000)
 tenured generation   total 87424K, used 30747K [0x0fca0000, 0x15200000, 0x25200000)
   the space 87424K,  35% used [0x0fca0000, 0x11aa6c18, 0x11aa6e00, 0x15200000)
 Metaspace       used 18112K, capacity 18554K, committed 18688K, reserved 18816K
}

